2013-10-15 10:45:30.050 PDEHybrid[43925:19103] Multi-tasking -> Device: YES, App: YES
2013-10-15 10:45:30.081 PDEHybrid[43925:19103] Resetting plugins due to page load.
2013-10-15 10:45:31.136 PDEHybrid[43925:19103] Finished load of: file:///Users/stephen/Library/Application%20Support/iPhone%20Simulator/6.1/Applications/1D8167E6-47AA-4613-8E94-0EE22F74BF4E/PDEHybrid.app/www/index.html
2013-10-15 11:05:33.572 PDEHybrid[45310:19103] Multi-tasking -> Device: YES, App: YES
2013-10-15 11:05:33.600 PDEHybrid[45310:19103] Resetting plugins due to page load.
2013-10-15 11:05:34.550 PDEHybrid[45310:19103] Finished load of: file:///Users/stephen/Library/Application%20Support/iPhone%20Simulator/6.1/Applications/1D8167E6-47AA-4613-8E94-0EE22F74BF4E/PDEHybrid.app/www/index.html
2013-10-15 11:06:46.536 PDEHybrid[45706:19103] Multi-tasking -> Device: YES, App: YES
2013-10-15 11:06:46.564 PDEHybrid[45706:19103] Resetting plugins due to page load.
2013-10-15 11:06:47.946 PDEHybrid[45706:19103] Finished load of: file:///Users/stephen/Library/Application%20Support/iPhone%20Simulator/6.1/Applications/1D8167E6-47AA-4613-8E94-0EE22F74BF4E/PDEHybrid.app/www/index.html
Terminating in response to SpringBoard's termination.
2013-10-15 11:51:10.995 PDEHybrid[47695:19103] Multi-tasking -> Device: YES, App: YES
2013-10-15 11:51:11.037 PDEHybrid[47695:19103] Resetting plugins due to page load.
2013-10-15 11:51:12.045 PDEHybrid[47695:19103] Finished load of: file:///Users/stephen/Library/Application%20Support/iPhone%20Simulator/6.1/Applications/1D8167E6-47AA-4613-8E94-0EE22F74BF4E/PDEHybrid.app/www/index.html
Terminating in response to SpringBoard's termination.
2013-10-15 12:00:13.812 PDEHybrid[48839:19103] Multi-tasking -> Device: YES, App: YES
2013-10-15 12:00:13.839 PDEHybrid[48839:19103] Resetting plugins due to page load.
2013-10-15 12:00:16.970 PDEHybrid[48839:19103] Finished load of: file:///Users/stephen/Library/Application%20Support/iPhone%20Simulator/6.1/Applications/1D8167E6-47AA-4613-8E94-0EE22F74BF4E/PDEHybrid.app/www/index.html
Terminating in response to SpringBoard's termination.
2013-10-15 12:01:21.508 PDEHybrid[49281:19103] Multi-tasking -> Device: YES, App: YES
2013-10-15 12:01:21.536 PDEHybrid[49281:19103] Resetting plugins due to page load.
2013-10-15 12:01:23.924 PDEHybrid[49281:19103] Finished load of: file:///Users/stephen/Library/Application%20Support/iPhone%20Simulator/6.1/Applications/1D8167E6-47AA-4613-8E94-0EE22F74BF4E/PDEHybrid.app/www/index.html
Terminating in response to SpringBoard's termination.
2013-10-15 14:50:58.455 PDEHybrid[53989:19103] Multi-tasking -> Device: YES, App: YES
2013-10-15 14:50:58.483 PDEHybrid[53989:19103] Resetting plugins due to page load.
2013-10-15 14:50:59.491 PDEHybrid[53989:19103] Finished load of: file:///Users/stephen/Library/Application%20Support/iPhone%20Simulator/6.1/Applications/1D8167E6-47AA-4613-8E94-0EE22F74BF4E/PDEHybrid.app/www/index.html
Terminating in response to SpringBoard's termination.
2013-10-15 15:13:36.543 PDEHybrid[54502:19103] Multi-tasking -> Device: YES, App: YES
2013-10-15 15:13:36.573 PDEHybrid[54502:19103] Resetting plugins due to page load.
2013-10-15 15:13:37.557 PDEHybrid[54502:19103] Finished load of: file:///Users/stephen/Library/Application%20Support/iPhone%20Simulator/6.1/Applications/1D8167E6-47AA-4613-8E94-0EE22F74BF4E/PDEHybrid.app/www/index.html
Terminating in response to SpringBoard's termination.
2013-10-15 15:16:03.422 PDEHybrid[54897:19103] Multi-tasking -> Device: YES, App: YES
2013-10-15 15:16:03.449 PDEHybrid[54897:19103] Resetting plugins due to page load.
2013-10-15 15:16:04.420 PDEHybrid[54897:19103] Finished load of: file:///Users/stephen/Library/Application%20Support/iPhone%20Simulator/6.1/Applications/1D8167E6-47AA-4613-8E94-0EE22F74BF4E/PDEHybrid.app/www/index.html
Terminating in response to SpringBoard's termination.
2013-10-16 14:13:16.972 PDEHybrid[56015:19103] Multi-tasking -> Device: YES, App: YES
2013-10-16 14:13:17.003 PDEHybrid[56015:19103] Resetting plugins due to page load.
2013-10-16 14:13:18.902 PDEHybrid[56015:19103] Finished load of: file:///Users/stephen/Library/Application%20Support/iPhone%20Simulator/6.1/Applications/1D8167E6-47AA-4613-8E94-0EE22F74BF4E/PDEHybrid.app/www/index.html
Terminating in response to SpringBoard's termination.
2013-10-16 14:29:40.653 PDEHybrid[56774:19103] Multi-tasking -> Device: YES, App: YES
2013-10-16 14:29:40.680 PDEHybrid[56774:19103] Resetting plugins due to page load.
2013-10-16 14:29:41.504 PDEHybrid[56774:19103] Finished load of: file:///Users/stephen/Library/Application%20Support/iPhone%20Simulator/6.1/Applications/1D8167E6-47AA-4613-8E94-0EE22F74BF4E/PDEHybrid.app/www/index.html
Terminating in response to SpringBoard's termination.
2013-10-16 14:43:16.976 PDEHybrid[57188:19103] Multi-tasking -> Device: YES, App: YES
2013-10-16 14:43:16.999 PDEHybrid[57188:19103] Resetting plugins due to page load.
2013-10-16 14:43:17.971 PDEHybrid[57188:19103] Finished load of: file:///Users/stephen/Library/Application%20Support/iPhone%20Simulator/6.1/Applications/1D8167E6-47AA-4613-8E94-0EE22F74BF4E/PDEHybrid.app/www/index.html
Terminating in response to SpringBoard's termination.
2013-10-16 14:44:32.092 PDEHybrid[57586:19103] Multi-tasking -> Device: YES, App: YES
2013-10-16 14:44:32.118 PDEHybrid[57586:19103] Resetting plugins due to page load.
2013-10-16 14:44:32.948 PDEHybrid[57586:19103] Finished load of: file:///Users/stephen/Library/Application%20Support/iPhone%20Simulator/6.1/Applications/1D8167E6-47AA-4613-8E94-0EE22F74BF4E/PDEHybrid.app/www/index.html
Terminating in response to SpringBoard's termination.
2013-10-16 15:06:51.526 PDEHybrid[58026:19103] Multi-tasking -> Device: YES, App: YES
2013-10-16 15:06:51.551 PDEHybrid[58026:19103] Resetting plugins due to page load.
2013-10-16 15:06:52.514 PDEHybrid[58026:19103] Finished load of: file:///Users/stephen/Library/Application%20Support/iPhone%20Simulator/6.1/Applications/1D8167E6-47AA-4613-8E94-0EE22F74BF4E/PDEHybrid.app/www/index.html
Terminating in response to SpringBoard's termination.
2013-10-16 15:09:19.311 PDEHybrid[58418:19103] Multi-tasking -> Device: YES, App: YES
2013-10-16 15:09:19.337 PDEHybrid[58418:19103] Resetting plugins due to page load.
2013-10-16 15:09:20.295 PDEHybrid[58418:19103] Finished load of: file:///Users/stephen/Library/Application%20Support/iPhone%20Simulator/6.1/Applications/1D8167E6-47AA-4613-8E94-0EE22F74BF4E/PDEHybrid.app/www/index.html
Terminating in response to SpringBoard's termination.
2013-10-16 15:10:22.425 PDEHybrid[58809:19103] Multi-tasking -> Device: YES, App: YES
2013-10-16 15:10:22.454 PDEHybrid[58809:19103] Resetting plugins due to page load.
2013-10-16 15:10:24.403 PDEHybrid[58809:19103] Finished load of: file:///Users/stephen/Library/Application%20Support/iPhone%20Simulator/6.1/Applications/1D8167E6-47AA-4613-8E94-0EE22F74BF4E/PDEHybrid.app/www/index.html
Terminating in response to SpringBoard's termination.
2013-10-16 15:13:17.690 PDEHybrid[59204:19103] Multi-tasking -> Device: YES, App: YES
2013-10-16 15:13:17.715 PDEHybrid[59204:19103] Resetting plugins due to page load.
2013-10-16 15:13:18.585 PDEHybrid[59204:19103] Finished load of: file:///Users/stephen/Library/Application%20Support/iPhone%20Simulator/6.1/Applications/1D8167E6-47AA-4613-8E94-0EE22F74BF4E/PDEHybrid.app/www/index.html
Terminating in response to SpringBoard's termination.
2013-10-16 15:15:37.917 PDEHybrid[59603:19103] Multi-tasking -> Device: YES, App: YES
2013-10-16 15:15:37.945 PDEHybrid[59603:19103] Resetting plugins due to page load.
2013-10-16 15:15:49.677 PDEHybrid[59603:19103] Finished load of: file:///Users/stephen/Library/Application%20Support/iPhone%20Simulator/6.1/Applications/1D8167E6-47AA-4613-8E94-0EE22F74BF4E/PDEHybrid.app/www/index.html
Terminating in response to SpringBoard's termination.
2013-10-16 15:47:37.499 PDEHybrid[61057:19103] Multi-tasking -> Device: YES, App: YES
2013-10-16 15:47:37.528 PDEHybrid[61057:19103] Resetting plugins due to page load.
2013-10-16 15:47:39.942 PDEHybrid[61057:19103] Finished load of: file:///Users/stephen/Library/Application%20Support/iPhone%20Simulator/6.1/Applications/1D8167E6-47AA-4613-8E94-0EE22F74BF4E/PDEHybrid.app/www/index.html
Terminating in response to SpringBoard's termination.
2013-10-16 15:56:28.964 PDEHybrid[61922:19103] Multi-tasking -> Device: YES, App: YES
2013-10-16 15:56:28.989 PDEHybrid[61922:19103] Resetting plugins due to page load.
2013-10-16 15:56:30.322 PDEHybrid[61922:19103] Finished load of: file:///Users/stephen/Library/Application%20Support/iPhone%20Simulator/6.1/Applications/1D8167E6-47AA-4613-8E94-0EE22F74BF4E/PDEHybrid.app/www/index.html
Terminating in response to SpringBoard's termination.
2013-10-16 16:40:12.536 PDEHybrid[64102:19103] Multi-tasking -> Device: YES, App: YES
2013-10-16 16:40:12.572 PDEHybrid[64102:19103] Resetting plugins due to page load.
2013-10-16 16:40:13.534 PDEHybrid[64102:19103] Finished load of: file:///Users/stephen/Library/Application%20Support/iPhone%20Simulator/6.1/Applications/1D8167E6-47AA-4613-8E94-0EE22F74BF4E/PDEHybrid.app/www/index.html
Terminating in response to SpringBoard's termination.
2013-10-16 16:41:08.465 PDEHybrid[64521:19103] Multi-tasking -> Device: YES, App: YES
2013-10-16 16:41:08.491 PDEHybrid[64521:19103] Resetting plugins due to page load.
2013-10-16 16:41:09.357 PDEHybrid[64521:19103] Finished load of: file:///Users/stephen/Library/Application%20Support/iPhone%20Simulator/6.1/Applications/1D8167E6-47AA-4613-8E94-0EE22F74BF4E/PDEHybrid.app/www/index.html
Terminating in response to SpringBoard's termination.
2013-10-16 17:17:13.339 PDEHybrid[66130:19103] Multi-tasking -> Device: YES, App: YES
2013-10-16 17:17:13.366 PDEHybrid[66130:19103] Resetting plugins due to page load.
2013-10-16 17:17:14.194 PDEHybrid[66130:19103] Finished load of: file:///Users/stephen/Library/Application%20Support/iPhone%20Simulator/6.1/Applications/1D8167E6-47AA-4613-8E94-0EE22F74BF4E/PDEHybrid.app/www/index.html
Terminating in response to SpringBoard's termination.
2013-10-17 14:29:09.586 PDEHybrid[67778:19103] Multi-tasking -> Device: YES, App: YES
2013-10-17 14:29:09.683 PDEHybrid[67778:19103] Resetting plugins due to page load.
2013-10-17 14:29:10.006 PDEHybrid[67778:19103] Finished load of: file:///Users/stephen/Library/Application%20Support/iPhone%20Simulator/6.1/Applications/1D8167E6-47AA-4613-8E94-0EE22F74BF4E/PDEHybrid.app/www/index.html
Terminating in response to SpringBoard's termination.
2013-10-17 14:29:48.021 PDEHybrid[68187:19103] Multi-tasking -> Device: YES, App: YES
2013-10-17 14:29:48.049 PDEHybrid[68187:19103] Resetting plugins due to page load.
2013-10-17 14:29:48.384 PDEHybrid[68187:19103] Finished load of: file:///Users/stephen/Library/Application%20Support/iPhone%20Simulator/6.1/Applications/1D8167E6-47AA-4613-8E94-0EE22F74BF4E/PDEHybrid.app/www/index.html
Terminating in response to SpringBoard's termination.
2013-10-17 14:30:38.375 PDEHybrid[68604:19103] Multi-tasking -> Device: YES, App: YES
2013-10-17 14:30:38.403 PDEHybrid[68604:19103] Resetting plugins due to page load.
2013-10-17 14:30:38.694 PDEHybrid[68604:19103] Finished load of: file:///Users/stephen/Library/Application%20Support/iPhone%20Simulator/6.1/Applications/1D8167E6-47AA-4613-8E94-0EE22F74BF4E/PDEHybrid.app/www/index.html
Terminating in response to SpringBoard's termination.
2013-10-17 14:32:14.705 PDEHybrid[69045:19103] Multi-tasking -> Device: YES, App: YES
2013-10-17 14:32:14.730 PDEHybrid[69045:19103] Resetting plugins due to page load.
2013-10-17 14:32:15.020 PDEHybrid[69045:19103] Finished load of: file:///Users/stephen/Library/Application%20Support/iPhone%20Simulator/6.1/Applications/1D8167E6-47AA-4613-8E94-0EE22F74BF4E/PDEHybrid.app/www/index.html
Terminating in response to SpringBoard's termination.
2013-10-17 14:43:33.048 PDEHybrid[69829:19103] Multi-tasking -> Device: YES, App: YES
2013-10-17 14:43:33.076 PDEHybrid[69829:19103] Resetting plugins due to page load.
2013-10-17 14:43:33.400 PDEHybrid[69829:19103] Finished load of: file:///Users/stephen/Library/Application%20Support/iPhone%20Simulator/6.1/Applications/1D8167E6-47AA-4613-8E94-0EE22F74BF4E/PDEHybrid.app/www/index.html
Terminating in response to SpringBoard's termination.
2013-10-17 14:47:57.126 PDEHybrid[70363:19103] Multi-tasking -> Device: YES, App: YES
2013-10-17 14:47:57.151 PDEHybrid[70363:19103] Resetting plugins due to page load.
2013-10-17 14:47:57.256 PDEHybrid[70363:1b403] ADDRESPONSE - ADDING TO MEMORY ONLY: http://code.jquery.com/mobile/1.3.2/jquery.mobile.structure-1.3.2.min.css
2013-10-17 14:47:57.360 PDEHybrid[70363:1b403] ADDRESPONSE - ADDING TO MEMORY ONLY: http://code.jquery.com/jquery-1.9.1.min.js
2013-10-17 14:47:57.381 PDEHybrid[70363:1b403] ADDRESPONSE - ADDING TO MEMORY ONLY: http://code.jquery.com/mobile/1.3.2/jquery.mobile-1.3.2.min.js
2013-10-17 14:47:57.447 PDEHybrid[70363:19103] Finished load of: file:///Users/stephen/Library/Application%20Support/iPhone%20Simulator/6.1/Applications/1D8167E6-47AA-4613-8E94-0EE22F74BF4E/PDEHybrid.app/www/index.html
Terminating in response to SpringBoard's termination.
2013-10-17 14:50:05.263 PDEHybrid[70846:19103] Multi-tasking -> Device: YES, App: YES
2013-10-17 14:50:05.287 PDEHybrid[70846:19103] Resetting plugins due to page load.
2013-10-17 14:50:05.594 PDEHybrid[70846:19103] Finished load of: file:///Users/stephen/Library/Application%20Support/iPhone%20Simulator/6.1/Applications/1D8167E6-47AA-4613-8E94-0EE22F74BF4E/PDEHybrid.app/www/index.html
Terminating in response to SpringBoard's termination.
2013-10-17 15:28:57.495 PDEHybrid[73771:19103] Multi-tasking -> Device: YES, App: YES
2013-10-17 15:28:57.526 PDEHybrid[73771:19103] Resetting plugins due to page load.
2013-10-17 15:28:57.908 PDEHybrid[73771:19103] Finished load of: file:///Users/stephen/Library/Application%20Support/iPhone%20Simulator/6.1/Applications/1D8167E6-47AA-4613-8E94-0EE22F74BF4E/PDEHybrid.app/www/index.html
Terminating in response to SpringBoard's termination.
2013-10-17 16:06:19.511 PDEHybrid[75137:19103] Multi-tasking -> Device: YES, App: YES
2013-10-17 16:06:19.541 PDEHybrid[75137:19103] Resetting plugins due to page load.
2013-10-17 16:06:19.879 PDEHybrid[75137:19103] Finished load of: file:///Users/stephen/Library/Application%20Support/iPhone%20Simulator/6.1/Applications/1D8167E6-47AA-4613-8E94-0EE22F74BF4E/PDEHybrid.app/www/index.html
Terminating in response to SpringBoard's termination.
2013-10-17 16:07:03.652 PDEHybrid[75562:19103] Multi-tasking -> Device: YES, App: YES
2013-10-17 16:07:03.677 PDEHybrid[75562:19103] Resetting plugins due to page load.
2013-10-17 16:07:03.982 PDEHybrid[75562:19103] Finished load of: file:///Users/stephen/Library/Application%20Support/iPhone%20Simulator/6.1/Applications/1D8167E6-47AA-4613-8E94-0EE22F74BF4E/PDEHybrid.app/www/index.html
Terminating in response to SpringBoard's termination.
2013-10-17 16:07:46.403 PDEHybrid[75983:19103] Multi-tasking -> Device: YES, App: YES
2013-10-17 16:07:46.429 PDEHybrid[75983:19103] Resetting plugins due to page load.
2013-10-17 16:07:46.772 PDEHybrid[75983:19103] Finished load of: file:///Users/stephen/Library/Application%20Support/iPhone%20Simulator/6.1/Applications/1D8167E6-47AA-4613-8E94-0EE22F74BF4E/PDEHybrid.app/www/index.html
Terminating in response to SpringBoard's termination.
2013-10-17 16:15:18.349 PDEHybrid[76509:19103] Multi-tasking -> Device: YES, App: YES
2013-10-17 16:15:18.374 PDEHybrid[76509:19103] Resetting plugins due to page load.
2013-10-17 16:15:18.744 PDEHybrid[76509:19103] Finished load of: file:///Users/stephen/Library/Application%20Support/iPhone%20Simulator/6.1/Applications/1D8167E6-47AA-4613-8E94-0EE22F74BF4E/PDEHybrid.app/www/index.html
